-------------------------------------------------------------------------------
Test set: com.example.springapp.SpringappApplicationTests
-------------------------------------------------------------------------------
Tests run: 12, Failures: 6, Errors: 0, Skipped: 0, Time elapsed: 3.081 s <<< FAILURE! - in com.example.springapp.SpringappApplicationTests
com.example.springapp.SpringappApplicationTests.testGetPagination  Time elapsed: 0.05 s  <<< FAILURE!
java.lang.AssertionError: Status expected:<200> but was:<404>
	at com.example.springapp.SpringappApplicationTests.testGetPagination(SpringappApplicationTests.java:56)

com.example.springapp.SpringappApplicationTests.testGetPaginationAndSorting  Time elapsed: 0.005 s  <<< FAILURE!
java.lang.AssertionError: Status expected:<200> but was:<404>
	at com.example.springapp.SpringappApplicationTests.testGetPaginationAndSorting(SpringappApplicationTests.java:67)

com.example.springapp.SpringappApplicationTests.testGetSortedChildren  Time elapsed: 0.004 s  <<< FAILURE!
java.lang.AssertionError: Status expected:<200> but was:<404>
	at com.example.springapp.SpringappApplicationTests.testGetSortedChildren(SpringappApplicationTests.java:45)

com.example.springapp.SpringappApplicationTests.testAddchildren  Time elapsed: 0.005 s  <<< FAILURE!
java.lang.AssertionError: Status expected:<201> but was:<404>
	at com.example.springapp.SpringappApplicationTests.testAddchildren(SpringappApplicationTests.java:34)

com.example.springapp.SpringappApplicationTests.controllerfolder  Time elapsed: 0.004 s  <<< FAILURE!
org.opentest4j.AssertionFailedError: expected: <true> but was: <false>
	at com.example.springapp.SpringappApplicationTests.controllerfolder(SpringappApplicationTests.java:80)

com.example.springapp.SpringappApplicationTests.controllerfile  Time elapsed: 0.001 s  <<< FAILURE!
org.opentest4j.AssertionFailedError: expected: <true> but was: <false>
	at com.example.springapp.SpringappApplicationTests.controllerfile(SpringappApplicationTests.java:93)

