-------------------------------------------------------------------------------
Test set: com.example.springapp.SpringappApplicationTests
-------------------------------------------------------------------------------
Tests run: 12, Failures: 0, Errors: 12, Skipped: 0, Time elapsed: 5.901 s <<< FAILURE! - in com.example.springapp.SpringappApplicationTests
com.example.springapp.SpringappApplicationTests.testrepositoryfolder  Time elapsed: 0.007 s  <<< ERROR!
java.lang.IllegalStateException: Failed to load ApplicationContext
Caused by: org.springframework.beans.factory.UnsatisfiedDependencyException: Error creating bean with name 'childrenService': Unsatisfied dependency expressed through field 'chr'; nested exception is org.springframework.beans.factory.BeanCreationException: Error creating bean with name 'childrenRepo' defined in com.example.springapp.repository.ChildrenRepo defined in @EnableJpaRepositories declared on JpaRepositoriesRegistrar.EnableJpaRepositoriesConfiguration: Invocation of init method failed; nested exception is java.lang.IllegalArgumentException: Not a managed type: class com.example.springapp.model.Children
Caused by: org.springframework.beans.factory.BeanCreationException: Error creating bean with name 'childrenRepo' defined in com.example.springapp.repository.ChildrenRepo defined in @EnableJpaRepositories declared on JpaRepositoriesRegistrar.EnableJpaRepositoriesConfiguration: Invocation of init method failed; nested exception is java.lang.IllegalArgumentException: Not a managed type: class com.example.springapp.model.Children
Caused by: java.lang.IllegalArgumentException: Not a managed type: class com.example.springapp.model.Children

com.example.springapp.SpringappApplicationTests.testGetPagination  Time elapsed: 0 s  <<< ERROR!
java.lang.IllegalStateException: Failed to load ApplicationContext
Caused by: org.springframework.beans.factory.UnsatisfiedDependencyException: Error creating bean with name 'childrenService': Unsatisfied dependency expressed through field 'chr'; nested exception is org.springframework.beans.factory.BeanCreationException: Error creating bean with name 'childrenRepo' defined in com.example.springapp.repository.ChildrenRepo defined in @EnableJpaRepositories declared on JpaRepositoriesRegistrar.EnableJpaRepositoriesConfiguration: Invocation of init method failed; nested exception is java.lang.IllegalArgumentException: Not a managed type: class com.example.springapp.model.Children
Caused by: org.springframework.beans.factory.BeanCreationException: Error creating bean with name 'childrenRepo' defined in com.example.springapp.repository.ChildrenRepo defined in @EnableJpaRepositories declared on JpaRepositoriesRegistrar.EnableJpaRepositoriesConfiguration: Invocation of init method failed; nested exception is java.lang.IllegalArgumentException: Not a managed type: class com.example.springapp.model.Children
Caused by: java.lang.IllegalArgumentException: Not a managed type: class com.example.springapp.model.Children

com.example.springapp.SpringappApplicationTests.testModelFile  Time elapsed: 0 s  <<< ERROR!
java.lang.IllegalStateException: Failed to load ApplicationContext
Caused by: org.springframework.beans.factory.UnsatisfiedDependencyException: Error creating bean with name 'childrenService': Unsatisfied dependency expressed through field 'chr'; nested exception is org.springframework.beans.factory.BeanCreationException: Error creating bean with name 'childrenRepo' defined in com.example.springapp.repository.ChildrenRepo defined in @EnableJpaRepositories declared on JpaRepositoriesRegistrar.EnableJpaRepositoriesConfiguration: Invocation of init method failed; nested exception is java.lang.IllegalArgumentException: Not a managed type: class com.example.springapp.model.Children
Caused by: org.springframework.beans.factory.BeanCreationException: Error creating bean with name 'childrenRepo' defined in com.example.springapp.repository.ChildrenRepo defined in @EnableJpaRepositories declared on JpaRepositoriesRegistrar.EnableJpaRepositoriesConfiguration: Invocation of init method failed; nested exception is java.lang.IllegalArgumentException: Not a managed type: class com.example.springapp.model.Children
Caused by: java.lang.IllegalArgumentException: Not a managed type: class com.example.springapp.model.Children

com.example.springapp.SpringappApplicationTests.testGetPaginationAndSorting  Time elapsed: 0 s  <<< ERROR!
java.lang.IllegalStateException: Failed to load ApplicationContext
Caused by: org.springframework.beans.factory.UnsatisfiedDependencyException: Error creating bean with name 'childrenService': Unsatisfied dependency expressed through field 'chr'; nested exception is org.springframework.beans.factory.BeanCreationException: Error creating bean with name 'childrenRepo' defined in com.example.springapp.repository.ChildrenRepo defined in @EnableJpaRepositories declared on JpaRepositoriesRegistrar.EnableJpaRepositoriesConfiguration: Invocation of init method failed; nested exception is java.lang.IllegalArgumentException: Not a managed type: class com.example.springapp.model.Children
Caused by: org.springframework.beans.factory.BeanCreationException: Error creating bean with name 'childrenRepo' defined in com.example.springapp.repository.ChildrenRepo defined in @EnableJpaRepositories declared on JpaRepositoriesRegistrar.EnableJpaRepositoriesConfiguration: Invocation of init method failed; nested exception is java.lang.IllegalArgumentException: Not a managed type: class com.example.springapp.model.Children
Caused by: java.lang.IllegalArgumentException: Not a managed type: class com.example.springapp.model.Children

com.example.springapp.SpringappApplicationTests.testModelFolder  Time elapsed: 0 s  <<< ERROR!
java.lang.IllegalStateException: Failed to load ApplicationContext
Caused by: org.springframework.beans.factory.UnsatisfiedDependencyException: Error creating bean with name 'childrenService': Unsatisfied dependency expressed through field 'chr'; nested exception is org.springframework.beans.factory.BeanCreationException: Error creating bean with name 'childrenRepo' defined in com.example.springapp.repository.ChildrenRepo defined in @EnableJpaRepositories declared on JpaRepositoriesRegistrar.EnableJpaRepositoriesConfiguration: Invocation of init method failed; nested exception is java.lang.IllegalArgumentException: Not a managed type: class com.example.springapp.model.Children
Caused by: org.springframework.beans.factory.BeanCreationException: Error creating bean with name 'childrenRepo' defined in com.example.springapp.repository.ChildrenRepo defined in @EnableJpaRepositories declared on JpaRepositoriesRegistrar.EnableJpaRepositoriesConfiguration: Invocation of init method failed; nested exception is java.lang.IllegalArgumentException: Not a managed type: class com.example.springapp.model.Children
Caused by: java.lang.IllegalArgumentException: Not a managed type: class com.example.springapp.model.Children

com.example.springapp.SpringappApplicationTests.testServiceFolder  Time elapsed: 0.001 s  <<< ERROR!
java.lang.IllegalStateException: Failed to load ApplicationContext
Caused by: org.springframework.beans.factory.UnsatisfiedDependencyException: Error creating bean with name 'childrenService': Unsatisfied dependency expressed through field 'chr'; nested exception is org.springframework.beans.factory.BeanCreationException: Error creating bean with name 'childrenRepo' defined in com.example.springapp.repository.ChildrenRepo defined in @EnableJpaRepositories declared on JpaRepositoriesRegistrar.EnableJpaRepositoriesConfiguration: Invocation of init method failed; nested exception is java.lang.IllegalArgumentException: Not a managed type: class com.example.springapp.model.Children
Caused by: org.springframework.beans.factory.BeanCreationException: Error creating bean with name 'childrenRepo' defined in com.example.springapp.repository.ChildrenRepo defined in @EnableJpaRepositories declared on JpaRepositoriesRegistrar.EnableJpaRepositoriesConfiguration: Invocation of init method failed; nested exception is java.lang.IllegalArgumentException: Not a managed type: class com.example.springapp.model.Children
Caused by: java.lang.IllegalArgumentException: Not a managed type: class com.example.springapp.model.Children

com.example.springapp.SpringappApplicationTests.testGetSortedChildren  Time elapsed: 0.001 s  <<< ERROR!
java.lang.IllegalStateException: Failed to load ApplicationContext
Caused by: org.springframework.beans.factory.UnsatisfiedDependencyException: Error creating bean with name 'childrenService': Unsatisfied dependency expressed through field 'chr'; nested exception is org.springframework.beans.factory.BeanCreationException: Error creating bean with name 'childrenRepo' defined in com.example.springapp.repository.ChildrenRepo defined in @EnableJpaRepositories declared on JpaRepositoriesRegistrar.EnableJpaRepositoriesConfiguration: Invocation of init method failed; nested exception is java.lang.IllegalArgumentException: Not a managed type: class com.example.springapp.model.Children
Caused by: org.springframework.beans.factory.BeanCreationException: Error creating bean with name 'childrenRepo' defined in com.example.springapp.repository.ChildrenRepo defined in @EnableJpaRepositories declared on JpaRepositoriesRegistrar.EnableJpaRepositoriesConfiguration: Invocation of init method failed; nested exception is java.lang.IllegalArgumentException: Not a managed type: class com.example.springapp.model.Children
Caused by: java.lang.IllegalArgumentException: Not a managed type: class com.example.springapp.model.Children

com.example.springapp.SpringappApplicationTests.testrepositoryFile  Time elapsed: 0 s  <<< ERROR!
java.lang.IllegalStateException: Failed to load ApplicationContext
Caused by: org.springframework.beans.factory.UnsatisfiedDependencyException: Error creating bean with name 'childrenService': Unsatisfied dependency expressed through field 'chr'; nested exception is org.springframework.beans.factory.BeanCreationException: Error creating bean with name 'childrenRepo' defined in com.example.springapp.repository.ChildrenRepo defined in @EnableJpaRepositories declared on JpaRepositoriesRegistrar.EnableJpaRepositoriesConfiguration: Invocation of init method failed; nested exception is java.lang.IllegalArgumentException: Not a managed type: class com.example.springapp.model.Children
Caused by: org.springframework.beans.factory.BeanCreationException: Error creating bean with name 'childrenRepo' defined in com.example.springapp.repository.ChildrenRepo defined in @EnableJpaRepositories declared on JpaRepositoriesRegistrar.EnableJpaRepositoriesConfiguration: Invocation of init method failed; nested exception is java.lang.IllegalArgumentException: Not a managed type: class com.example.springapp.model.Children
Caused by: java.lang.IllegalArgumentException: Not a managed type: class com.example.springapp.model.Children

com.example.springapp.SpringappApplicationTests.testAddchildren  Time elapsed: 0 s  <<< ERROR!
java.lang.IllegalStateException: Failed to load ApplicationContext
Caused by: org.springframework.beans.factory.UnsatisfiedDependencyException: Error creating bean with name 'childrenService': Unsatisfied dependency expressed through field 'chr'; nested exception is org.springframework.beans.factory.BeanCreationException: Error creating bean with name 'childrenRepo' defined in com.example.springapp.repository.ChildrenRepo defined in @EnableJpaRepositories declared on JpaRepositoriesRegistrar.EnableJpaRepositoriesConfiguration: Invocation of init method failed; nested exception is java.lang.IllegalArgumentException: Not a managed type: class com.example.springapp.model.Children
Caused by: org.springframework.beans.factory.BeanCreationException: Error creating bean with name 'childrenRepo' defined in com.example.springapp.repository.ChildrenRepo defined in @EnableJpaRepositories declared on JpaRepositoriesRegistrar.EnableJpaRepositoriesConfiguration: Invocation of init method failed; nested exception is java.lang.IllegalArgumentException: Not a managed type: class com.example.springapp.model.Children
Caused by: java.lang.IllegalArgumentException: Not a managed type: class com.example.springapp.model.Children

com.example.springapp.SpringappApplicationTests.controllerfolder  Time elapsed: 0 s  <<< ERROR!
java.lang.IllegalStateException: Failed to load ApplicationContext
Caused by: org.springframework.beans.factory.UnsatisfiedDependencyException: Error creating bean with name 'childrenService': Unsatisfied dependency expressed through field 'chr'; nested exception is org.springframework.beans.factory.BeanCreationException: Error creating bean with name 'childrenRepo' defined in com.example.springapp.repository.ChildrenRepo defined in @EnableJpaRepositories declared on JpaRepositoriesRegistrar.EnableJpaRepositoriesConfiguration: Invocation of init method failed; nested exception is java.lang.IllegalArgumentException: Not a managed type: class com.example.springapp.model.Children
Caused by: org.springframework.beans.factory.BeanCreationException: Error creating bean with name 'childrenRepo' defined in com.example.springapp.repository.ChildrenRepo defined in @EnableJpaRepositories declared on JpaRepositoriesRegistrar.EnableJpaRepositoriesConfiguration: Invocation of init method failed; nested exception is java.lang.IllegalArgumentException: Not a managed type: class com.example.springapp.model.Children
Caused by: java.lang.IllegalArgumentException: Not a managed type: class com.example.springapp.model.Children

com.example.springapp.SpringappApplicationTests.testServieFile  Time elapsed: 0 s  <<< ERROR!
java.lang.IllegalStateException: Failed to load ApplicationContext
Caused by: org.springframework.beans.factory.UnsatisfiedDependencyException: Error creating bean with name 'childrenService': Unsatisfied dependency expressed through field 'chr'; nested exception is org.springframework.beans.factory.BeanCreationException: Error creating bean with name 'childrenRepo' defined in com.example.springapp.repository.ChildrenRepo defined in @EnableJpaRepositories declared on JpaRepositoriesRegistrar.EnableJpaRepositoriesConfiguration: Invocation of init method failed; nested exception is java.lang.IllegalArgumentException: Not a managed type: class com.example.springapp.model.Children
Caused by: org.springframework.beans.factory.BeanCreationException: Error creating bean with name 'childrenRepo' defined in com.example.springapp.repository.ChildrenRepo defined in @EnableJpaRepositories declared on JpaRepositoriesRegistrar.EnableJpaRepositoriesConfiguration: Invocation of init method failed; nested exception is java.lang.IllegalArgumentException: Not a managed type: class com.example.springapp.model.Children
Caused by: java.lang.IllegalArgumentException: Not a managed type: class com.example.springapp.model.Children

com.example.springapp.SpringappApplicationTests.controllerfile  Time elapsed: 0 s  <<< ERROR!
java.lang.IllegalStateException: Failed to load ApplicationContext
Caused by: org.springframework.beans.factory.UnsatisfiedDependencyException: Error creating bean with name 'childrenService': Unsatisfied dependency expressed through field 'chr'; nested exception is org.springframework.beans.factory.BeanCreationException: Error creating bean with name 'childrenRepo' defined in com.example.springapp.repository.ChildrenRepo defined in @EnableJpaRepositories declared on JpaRepositoriesRegistrar.EnableJpaRepositoriesConfiguration: Invocation of init method failed; nested exception is java.lang.IllegalArgumentException: Not a managed type: class com.example.springapp.model.Children
Caused by: org.springframework.beans.factory.BeanCreationException: Error creating bean with name 'childrenRepo' defined in com.example.springapp.repository.ChildrenRepo defined in @EnableJpaRepositories declared on JpaRepositoriesRegistrar.EnableJpaRepositoriesConfiguration: Invocation of init method failed; nested exception is java.lang.IllegalArgumentException: Not a managed type: class com.example.springapp.model.Children
Caused by: java.lang.IllegalArgumentException: Not a managed type: class com.example.springapp.model.Children

