-------------------------------------------------------------------------------
Test set: com.example.springapp.SpringappApplicationTests
-------------------------------------------------------------------------------
Tests run: 12, Failures: 4, Errors: 0, Skipped: 0, Time elapsed: 4.02 s <<< FAILURE! - in com.example.springapp.SpringappApplicationTests
com.example.springapp.SpringappApplicationTests.testGetPagination  Time elapsed: 0.251 s  <<< FAILURE!
java.lang.AssertionError: 
Expected an array at JSON path "$" but found: {content=[], pageable={sort={empty=true, sorted=false, unsorted=true}, offset=0, pageNumber=0, pageSize=3, paged=true, unpaged=false}, totalPages=0, totalElements=0, last=true, size=3, number=0, sort={empty=true, sorted=false, unsorted=true}, numberOfElements=0, first=true, empty=true}
Expected: an instance of java.util.List
     but: <{content=[], pageable={sort={empty=true, sorted=false, unsorted=true}, offset=0, pageNumber=0, pageSize=3, paged=true, unpaged=false}, totalPages=0, totalElements=0, last=true, size=3, number=0, sort={empty=true, sorted=false, unsorted=true}, numberOfElements=0, first=true, empty=true}> is a java.util.LinkedHashMap
	at com.example.springapp.SpringappApplicationTests.testGetPagination(SpringappApplicationTests.java:57)

com.example.springapp.SpringappApplicationTests.testGetPaginationAndSorting  Time elapsed: 0.022 s  <<< FAILURE!
java.lang.AssertionError: 
Expected an array at JSON path "$" but found: {content=[], pageable={sort={empty=false, sorted=true, unsorted=false}, offset=0, pageNumber=0, pageSize=3, paged=true, unpaged=false}, totalPages=0, totalElements=0, last=true, size=3, number=0, sort={empty=false, sorted=true, unsorted=false}, numberOfElements=0, first=true, empty=true}
Expected: an instance of java.util.List
     but: <{content=[], pageable={sort={empty=false, sorted=true, unsorted=false}, offset=0, pageNumber=0, pageSize=3, paged=true, unpaged=false}, totalPages=0, totalElements=0, last=true, size=3, number=0, sort={empty=false, sorted=true, unsorted=false}, numberOfElements=0, first=true, empty=true}> is a java.util.LinkedHashMap
	at com.example.springapp.SpringappApplicationTests.testGetPaginationAndSorting(SpringappApplicationTests.java:68)

com.example.springapp.SpringappApplicationTests.testGetSortedChildren  Time elapsed: 0.008 s  <<< FAILURE!
java.lang.AssertionError: Status expected:<200> but was:<400>
	at com.example.springapp.SpringappApplicationTests.testGetSortedChildren(SpringappApplicationTests.java:45)

com.example.springapp.SpringappApplicationTests.testAddchildren  Time elapsed: 0.069 s  <<< FAILURE!
java.lang.AssertionError: Status expected:<201> but was:<200>
	at com.example.springapp.SpringappApplicationTests.testAddchildren(SpringappApplicationTests.java:34)

